<?xml version="1.0" encoding="UTF-8"?>
<!-- Generated by org.testng.reporters.JUnitReportReporter -->
<testsuite hostname="Suraj-pc" failures="0" tests="1" name="com.herokuapp.theinternet.PositiveTests" time="18.783" errors="0" timestamp="2021-01-01T00:49:42 IST" skipped="0">
  <testcase classname="com.herokuapp.theinternet.PositiveTests" name="loginTest" time="18.783"/>
  <system-out/>
</testsuite> <!-- com.herokuapp.theinternet.PositiveTests -->
