<?xml version="1.0" encoding="UTF-8"?>
<!-- Generated by org.testng.reporters.JUnitReportReporter -->
<testsuite hostname="Suraj-pc" failures="0" tests="3" name="com.herokuapp.theinternet.LoginTest" time="137.195" errors="0" timestamp="2021-01-04T10:08:20 IST" skipped="0">
  <testcase classname="com.herokuapp.theinternet.LoginTest" name="positiveLoginTest" time="27.933"/>
  <system-out/>
  <testcase classname="com.herokuapp.theinternet.LoginTest" name="negativeLoginTest" time="57.001"/>
  <system-out/>
  <testcase classname="com.herokuapp.theinternet.LoginTest" name="negativeLoginTest" time="52.261"/>
  <system-out/>
</testsuite> <!-- com.herokuapp.theinternet.LoginTest -->
