<?xml version="1.0" encoding="UTF-8"?>
<!-- Generated by org.testng.reporters.JUnitReportReporter -->
<testsuite hostname="Suraj-pc" failures="0" tests="1" name="com.herokuapp.theinternet.ExceptionsTests" time="24.143" errors="0" timestamp="2021-01-08T17:52:32 IST" skipped="0">
  <testcase classname="com.herokuapp.theinternet.ExceptionsTests" name="disabledElementTest" time="24.143"/>
  <system-out/>
</testsuite> <!-- com.herokuapp.theinternet.ExceptionsTests -->
