<?xml version="1.0" encoding="UTF-8"?>
<!-- Generated by org.testng.reporters.JUnitReportReporter -->
<testsuite hostname="Suraj-pc" failures="0" tests="2" name="com.herokuapp.theinternet.NegativeTests" time="33.917" errors="0" timestamp="2021-01-04T09:42:59 IST" skipped="0">
  <testcase classname="com.herokuapp.theinternet.NegativeTests" name="negativeLoginTest" time="18.764"/>
  <system-out/>
  <testcase classname="com.herokuapp.theinternet.NegativeTests" name="negativeLoginTest" time="15.153"/>
  <system-out/>
</testsuite> <!-- com.herokuapp.theinternet.NegativeTests -->
